<?xml version="1.0" encoding="UTF-8"?>
<!-- Generated by org.testng.reporters.JUnitReportReporter -->
<testsuite skipped="0" hostname="DESKTOP-7ISFMHR" name="com.abc.runner.TestngRunner" tests="2" failures="0" timestamp="2023-02-16T16:34:32 IST" time="106.756" errors="0">
  <testcase name="runScenario" time="50.635" classname="com.abc.runner.TestngRunner"/>
  <system-out/>
  <testcase name="runScenario" time="56.121" classname="com.abc.runner.TestngRunner"/>
  <system-out/>
</testsuite> <!-- com.abc.runner.TestngRunner -->
